libOpenDetection/build/intermediates/manifest_merge_blame_file/release/manifest-merger-blame-release-report.txt
1<?xml version="1.0" encoding="utf-8"?>
2<manifest xmlns:android="http://schemas.android.com/apk/res/android"
3    package="com.zhuchao.android.detect" >
4
5    <uses-sdk
6        android:minSdkVersion="25"
6-->OctopusFramework\libOpenDetection\AndroidManifest.xml
7        android:targetSdkVersion="33" />
7-->OctopusFramework\libOpenDetection\AndroidManifest.xml
8
9    <supports-screens
9-->OctopusFramework\libOpenDetection\AndroidManifest.xml:5:5-10:37
10        android:anyDensity="true"
10-->OctopusFramework\libOpenDetection\AndroidManifest.xml:10:9-34
11        android:largeScreens="true"
11-->OctopusFramework\libOpenDetection\AndroidManifest.xml:9:9-36
12        android:normalScreens="true"
12-->OctopusFramework\libOpenDetection\AndroidManifest.xml:8:9-37
13        android:resizeable="true"
13-->OctopusFramework\libOpenDetection\AndroidManifest.xml:6:9-34
14        android:smallScreens="true" />
14-->OctopusFramework\libOpenDetection\AndroidManifest.xml:7:9-36
15
16    <uses-permission android:name="android.permission.CAMERA" />
16-->OctopusFramework\libOpenDetection\AndroidManifest.xml:12:5-65
16-->OctopusFramework\libOpenDetection\AndroidManifest.xml:12:22-62
17
18    <uses-feature
18-->OctopusFramework\libOpenDetection\AndroidManifest.xml:14:5-16:36
19        android:name="android.hardware.camera"
19-->OctopusFramework\libOpenDetection\AndroidManifest.xml:15:9-47
20        android:required="false" />
20-->OctopusFramework\libOpenDetection\AndroidManifest.xml:16:9-33
21    <uses-feature
21-->OctopusFramework\libOpenDetection\AndroidManifest.xml:17:5-19:36
22        android:name="android.hardware.camera.autofocus"
22-->OctopusFramework\libOpenDetection\AndroidManifest.xml:18:9-57
23        android:required="false" />
23-->OctopusFramework\libOpenDetection\AndroidManifest.xml:19:9-33
24    <uses-feature
24-->OctopusFramework\libOpenDetection\AndroidManifest.xml:20:5-22:36
25        android:name="android.hardware.camera.front"
25-->OctopusFramework\libOpenDetection\AndroidManifest.xml:21:9-53
26        android:required="false" />
26-->OctopusFramework\libOpenDetection\AndroidManifest.xml:22:9-33
27
28</manifest>